app/build/intermediates/manifest_merge_blame_file/debug/processDebugMainManifest/manifest-merger-blame-debug-report.txt
1<?xml version="1.0" encoding="utf-8"?>
2<manifest xmlns:android="http://schemas.android.com/apk/res/android"
3    package="ro.coji.tv"
4    android:versionCode="1"
5    android:versionName="1.0" >
6
7    <uses-sdk
8        android:minSdkVersion="23"
9        android:targetSdkVersion="35" />
10
11    <uses-permission android:name="android.permission.INTERNET" />
11-->src/main/AndroidManifest.xml:3:5-67
11-->src/main/AndroidManifest.xml:3:22-64
12
13    <uses-feature
13-->src/main/AndroidManifest.xml:5:5-7:35
14        android:name="android.software.leanback"
14-->src/main/AndroidManifest.xml:6:9-49
15        android:required="true" />
15-->src/main/AndroidManifest.xml:7:9-32
16    <uses-feature
16-->src/main/AndroidManifest.xml:9:5-11:36
17        android:name="android.hardware.touchscreen"
17-->src/main/AndroidManifest.xml:10:9-52
18        android:required="false" />
18-->src/main/AndroidManifest.xml:11:9-33
19
20    <application
20-->src/main/AndroidManifest.xml:13:5-34:19
21        android:allowBackup="true"
21-->src/main/AndroidManifest.xml:14:9-35
22        android:banner="@drawable/banner"
22-->src/main/AndroidManifest.xml:15:9-42
23        android:debuggable="true"
24        android:extractNativeLibs="false"
25        android:icon="@drawable/app_icon"
25-->src/main/AndroidManifest.xml:16:9-42
26        android:label="@string/app_name"
26-->src/main/AndroidManifest.xml:17:9-41
27        android:testOnly="true"
28        android:theme="@style/AppTheme"
28-->src/main/AndroidManifest.xml:18:9-40
29        android:usesCleartextTraffic="true" >
29-->src/main/AndroidManifest.xml:19:9-44
30        <activity
30-->src/main/AndroidManifest.xml:21:9-32:20
31            android:name="ro.coji.tv.MainActivity"
31-->src/main/AndroidManifest.xml:22:13-41
32            android:configChanges="keyboard|keyboardHidden|navigation|orientation|screenLayout|screenSize|smallestScreenSize"
32-->src/main/AndroidManifest.xml:23:13-126
33            android:exported="true"
33-->src/main/AndroidManifest.xml:24:13-36
34            android:screenOrientation="landscape" >
34-->src/main/AndroidManifest.xml:25:13-50
35            <intent-filter>
35-->src/main/AndroidManifest.xml:27:13-30:29
36                <action android:name="android.intent.action.MAIN" />
36-->src/main/AndroidManifest.xml:28:17-69
36-->src/main/AndroidManifest.xml:28:25-66
37
38                <category android:name="android.intent.category.LEANBACK_LAUNCHER" />
38-->src/main/AndroidManifest.xml:29:17-86
38-->src/main/AndroidManifest.xml:29:27-83
39            </intent-filter>
40        </activity>
41    </application>
42
43</manifest>